# JRE version: OpenJDK Runtime Environment (15.0.2+7) (build 15.0.2+7-27)
# Java VM: OpenJDK 64-Bit Server VM (15.0.2+7-27, mixed mode, sharing, tiered, compressed oops, parallel gc, windows-amd64)
GC Precious Log:
 CPUs: 8 total, 8 available
 Memory: 16250M
 Large Page Support: Disabled
 NUMA Support: Disabled
 Compressed Oops: Enabled (32-bit)
 Heap Min Capacity: 100M
 Heap Initial Capacity: 100M
 Heap Max Capacity: 1G
 Pre-touch: Disabled
 Parallel Workers: 8
Heap:
 PSYoungGen      total 4608K, used 1832K [0x00000000eab00000, 0x00000000eb200000, 0x0000000100000000)
  eden space 2560K, 0% used [0x00000000eab00000,0x00000000eab00000,0x00000000ead80000)
  from space 2048K, 89% used [0x00000000eb000000,0x00000000eb1ca140,0x00000000eb200000)
  to   space 2048K, 0% used [0x00000000ead80000,0x00000000ead80000,0x00000000eaf80000)
 ParOldGen       total 112128K, used 111060K [0x00000000c0000000, 0x00000000c6d80000, 0x00000000eab00000)
  object space 112128K, 99% used [0x00000000c0000000,0x00000000c6c75068,0x00000000c6d80000)
 Metaspace       used 72154K, capacity 74846K, committed 75096K, reserved 1116160K
  class space    used 6949K, capacity 7992K, committed 8064K, reserved 1048576K
GC Heap History (20 events):
Event: 11580.136 GC heap after
{Heap after GC invocations=1794 (full 34):
 PSYoungGen      total 3584K, used 1696K [0x00000000eab00000, 0x00000000eb100000, 0x0000000100000000)
  eden space 1536K, 0% used [0x00000000eab00000,0x00000000eab00000,0x00000000eac80000)
  from space 2048K, 82% used [0x00000000eac80000,0x00000000eae28000,0x00000000eae80000)
  to   space 2048K, 0% used [0x00000000eaf00000,0x00000000eaf00000,0x00000000eb100000)
 ParOldGen       total 112128K, used 98006K [0x00000000c0000000, 0x00000000c6d80000, 0x00000000eab00000)
  object space 112128K, 87% used [0x00000000c0000000,0x00000000c5fb5ad8,0x00000000c6d80000)
 Metaspace       used 72135K, capacity 74846K, committed 75096K, reserved 1116160K
  class space    used 6949K, capacity 7992K, committed 8064K, reserved 1048576K
}
Event: 11580.149 GC heap before
{Heap before GC invocations=1795 (full 34):
 PSYoungGen      total 3584K, used 3231K [0x00000000eab00000, 0x00000000eb100000, 0x0000000100000000)
  eden space 1536K, 99% used [0x00000000eab00000,0x00000000eac7fff0,0x00000000eac80000)
  from space 2048K, 82% used [0x00000000eac80000,0x00000000eae28000,0x00000000eae80000)
  to   space 2048K, 0% used [0x00000000eaf00000,0x00000000eaf00000,0x00000000eb100000)
 ParOldGen       total 112128K, used 98006K [0x00000000c0000000, 0x00000000c6d80000, 0x00000000eab00000)
  object space 112128K, 87% used [0x00000000c0000000,0x00000000c5fb5ad8,0x00000000c6d80000)
 Metaspace       used 72135K, capacity 74846K, committed 75096K, reserved 1116160K
  class space    used 6949K, capacity 7992K, committed 8064K, reserved 1048576K
}
Event: 11580.157 GC heap after
{Heap after GC invocations=1795 (full 34):
 PSYoungGen      total 4096K, used 1600K [0x00000000eab00000, 0x00000000eb100000, 0x0000000100000000)
  eden space 2048K, 0% used [0x00000000eab00000,0x00000000eab00000,0x00000000ead00000)
  from space 2048K, 78% used [0x00000000eaf00000,0x00000000eb090000,0x00000000eb100000)
  to   space 2048K, 0% used [0x00000000ead00000,0x00000000ead00000,0x00000000eaf00000)
 ParOldGen       total 112128K, used 99534K [0x00000000c0000000, 0x00000000c6d80000, 0x00000000eab00000)
  object space 112128K, 88% used [0x00000000c0000000,0x00000000c6133ad8,0x00000000c6d80000)
 Metaspace       used 72135K, capacity 74846K, committed 75096K, reserved 1116160K
  class space    used 6949K, capacity 7992K, committed 8064K, reserved 1048576K
}
Event: 11580.182 GC heap before
{Heap before GC invocations=1796 (full 34):
 PSYoungGen      total 4096K, used 3648K [0x00000000eab00000, 0x00000000eb100000, 0x0000000100000000)
  eden space 2048K, 100% used [0x00000000eab00000,0x00000000ead00000,0x00000000ead00000)
  from space 2048K, 78% used [0x00000000eaf00000,0x00000000eb090000,0x00000000eb100000)
  to   space 2048K, 0% used [0x00000000ead00000,0x00000000ead00000,0x00000000eaf00000)
 ParOldGen       total 112128K, used 99534K [0x00000000c0000000, 0x00000000c6d80000, 0x00000000eab00000)
  object space 112128K, 88% used [0x00000000c0000000,0x00000000c6133ad8,0x00000000c6d80000)
 Metaspace       used 72135K, capacity 74846K, committed 75096K, reserved 1116160K
  class space    used 6949K, capacity 7992K, committed 8064K, reserved 1048576K
}
Event: 11580.188 GC heap after
{Heap after GC invocations=1796 (full 34):
 PSYoungGen      total 4096K, used 1088K [0x00000000eab00000, 0x00000000eb080000, 0x0000000100000000)
  eden space 2048K, 0% used [0x00000000eab00000,0x00000000eab00000,0x00000000ead00000)
  from space 2048K, 53% used [0x00000000ead00000,0x00000000eae10000,0x00000000eaf00000)
  to   space 1536K, 0% used [0x00000000eaf00000,0x00000000eaf00000,0x00000000eb080000)
 ParOldGen       total 112128K, used 101078K [0x00000000c0000000, 0x00000000c6d80000, 0x00000000eab00000)
  object space 112128K, 90% used [0x00000000c0000000,0x00000000c62b5ad8,0x00000000c6d80000)
 Metaspace       used 72135K, capacity 74846K, committed 75096K, reserved 1116160K
  class space    used 6949K, capacity 7992K, committed 8064K, reserved 1048576K
}
Event: 11581.200 GC heap before
{Heap before GC invocations=1797 (full 34):
 PSYoungGen      total 4096K, used 3136K [0x00000000eab00000, 0x00000000eb080000, 0x0000000100000000)
  eden space 2048K, 100% used [0x00000000eab00000,0x00000000ead00000,0x00000000ead00000)
  from space 2048K, 53% used [0x00000000ead00000,0x00000000eae10000,0x00000000eaf00000)
  to   space 1536K, 0% used [0x00000000eaf00000,0x00000000eaf00000,0x00000000eb080000)
 ParOldGen       total 112128K, used 101078K [0x00000000c0000000, 0x00000000c6d80000, 0x00000000eab00000)
  object space 112128K, 90% used [0x00000000c0000000,0x00000000c62b5ad8,0x00000000c6d80000)
 Metaspace       used 72136K, capacity 74846K, committed 75096K, reserved 1116160K
  class space    used 6949K, capacity 7992K, committed 8064K, reserved 1048576K
}
Event: 11581.314 GC heap after
{Heap after GC invocations=1797 (full 34):
 PSYoungGen      total 3072K, used 379K [0x00000000eab00000, 0x00000000eaf80000, 0x0000000100000000)
  eden space 2560K, 0% used [0x00000000eab00000,0x00000000eab00000,0x00000000ead80000)
  from space 512K, 74% used [0x00000000eaf00000,0x00000000eaf5ed80,0x00000000eaf80000)
  to   space 1024K, 0% used [0x00000000ead80000,0x00000000ead80000,0x00000000eae80000)
 ParOldGen       total 112128K, used 101766K [0x00000000c0000000, 0x00000000c6d80000, 0x00000000eab00000)
  object space 112128K, 90% used [0x00000000c0000000,0x00000000c6361ad8,0x00000000c6d80000)
 Metaspace       used 72136K, capacity 74846K, committed 75096K, reserved 1116160K
  class space    used 6949K, capacity 7992K, committed 8064K, reserved 1048576K
}
Event: 11581.342 GC heap before
{Heap before GC invocations=1798 (full 34):
 PSYoungGen      total 3072K, used 2939K [0x00000000eab00000, 0x00000000eaf80000, 0x0000000100000000)
  eden space 2560K, 100% used [0x00000000eab00000,0x00000000ead80000,0x00000000ead80000)
  from space 512K, 74% used [0x00000000eaf00000,0x00000000eaf5ed80,0x00000000eaf80000)
  to   space 1024K, 0% used [0x00000000ead80000,0x00000000ead80000,0x00000000eae80000)
 ParOldGen       total 112128K, used 101766K [0x00000000c0000000, 0x00000000c6d80000, 0x00000000eab00000)
  object space 112128K, 90% used [0x00000000c0000000,0x00000000c6361ad8,0x00000000c6d80000)
 Metaspace       used 72136K, capacity 74846K, committed 75096K, reserved 1116160K
  class space    used 6949K, capacity 7992K, committed 8064K, reserved 1048576K
}
Event: 11581.343 GC heap after
{Heap after GC invocations=1798 (full 34):
 PSYoungGen      total 3584K, used 352K [0x00000000eab00000, 0x00000000eaf80000, 0x0000000100000000)
  eden space 2560K, 0% used [0x00000000eab00000,0x00000000eab00000,0x00000000ead80000)
  from space 1024K, 34% used [0x00000000ead80000,0x00000000eadd8000,0x00000000eae80000)
  to   space 512K, 0% used [0x00000000eaf00000,0x00000000eaf00000,0x00000000eaf80000)
 ParOldGen       total 112128K, used 102039K [0x00000000c0000000, 0x00000000c6d80000, 0x00000000eab00000)
  object space 112128K, 91% used [0x00000000c0000000,0x00000000c63a5cd8,0x00000000c6d80000)
 Metaspace       used 72136K, capacity 74846K, committed 75096K, reserved 1116160K
  class space    used 6949K, capacity 7992K, committed 8064K, reserved 1048576K
}
Event: 11582.005 GC heap before
{Heap before GC invocations=1799 (full 34):
 PSYoungGen      total 3584K, used 2899K [0x00000000eab00000, 0x00000000eaf80000, 0x0000000100000000)
  eden space 2560K, 99% used [0x00000000eab00000,0x00000000ead7ccf0,0x00000000ead80000)
  from space 1024K, 34% used [0x00000000ead80000,0x00000000eadd8000,0x00000000eae80000)
  to   space 512K, 0% used [0x00000000eaf00000,0x00000000eaf00000,0x00000000eaf80000)
 ParOldGen       total 112128K, used 104380K [0x00000000c0000000, 0x00000000c6d80000, 0x00000000eab00000)
  object space 112128K, 93% used [0x00000000c0000000,0x00000000c65ef288,0x00000000c6d80000)
 Metaspace       used 72136K, capacity 74846K, committed 75096K, reserved 1116160K
  class space    used 6949K, capacity 7992K, committed 8064K, reserved 1048576K
}
Event: 11582.035 GC heap after
{Heap after GC invocations=1799 (full 34):
 PSYoungGen      total 3072K, used 493K [0x00000000eab00000, 0x00000000eaf80000, 0x0000000100000000)
  eden space 2560K, 0% used [0x00000000eab00000,0x00000000eab00000,0x00000000ead80000)
  from space 512K, 96% used [0x00000000eaf00000,0x00000000eaf7b670,0x00000000eaf80000)
  to   space 1024K, 0% used [0x00000000ead80000,0x00000000ead80000,0x00000000eae80000)
 ParOldGen       total 112128K, used 104612K [0x00000000c0000000, 0x00000000c6d80000, 0x00000000eab00000)
  object space 112128K, 93% used [0x00000000c0000000,0x00000000c6629288,0x00000000c6d80000)
 Metaspace       used 72136K, capacity 74846K, committed 75096K, reserved 1116160K
  class space    used 6949K, capacity 7992K, committed 8064K, reserved 1048576K
}
Event: 11582.439 GC heap before
{Heap before GC invocations=1800 (full 34):
 PSYoungGen      total 3072K, used 3053K [0x00000000eab00000, 0x00000000eaf80000, 0x0000000100000000)
  eden space 2560K, 100% used [0x00000000eab00000,0x00000000ead80000,0x00000000ead80000)
  from space 512K, 96% used [0x00000000eaf00000,0x00000000eaf7b670,0x00000000eaf80000)
  to   space 1024K, 0% used [0x00000000ead80000,0x00000000ead80000,0x00000000eae80000)
 ParOldGen       total 112128K, used 104612K [0x00000000c0000000, 0x00000000c6d80000, 0x00000000eab00000)
  object space 112128K, 93% used [0x00000000c0000000,0x00000000c6629288,0x00000000c6d80000)
 Metaspace       used 72148K, capacity 74846K, committed 75096K, reserved 1116160K
  class space    used 6949K, capacity 7992K, committed 8064K, reserved 1048576K
}
Event: 11582.443 GC heap after
{Heap after GC invocations=1800 (full 34):
 PSYoungGen      total 3584K, used 1014K [0x00000000eab00000, 0x00000000eb380000, 0x0000000100000000)
  eden space 2560K, 0% used [0x00000000eab00000,0x00000000eab00000,0x00000000ead80000)
  from space 1024K, 99% used [0x00000000ead80000,0x00000000eae7d8a0,0x00000000eae80000)
  to   space 3072K, 0% used [0x00000000eb080000,0x00000000eb080000,0x00000000eb380000)
 ParOldGen       total 112128K, used 105915K [0x00000000c0000000, 0x00000000c6d80000, 0x00000000eab00000)
  object space 112128K, 94% used [0x00000000c0000000,0x00000000c676eea0,0x00000000c6d80000)
 Metaspace       used 72148K, capacity 74846K, committed 75096K, reserved 1116160K
  class space    used 6949K, capacity 7992K, committed 8064K, reserved 1048576K
}
Event: 11582.515 GC heap before
{Heap before GC invocations=1801 (full 34):
 PSYoungGen      total 3584K, used 3574K [0x00000000eab00000, 0x00000000eb380000, 0x0000000100000000)
  eden space 2560K, 100% used [0x00000000eab00000,0x00000000ead80000,0x00000000ead80000)
  from space 1024K, 99% used [0x00000000ead80000,0x00000000eae7d8a0,0x00000000eae80000)
  to   space 3072K, 0% used [0x00000000eb080000,0x00000000eb080000,0x00000000eb380000)
 ParOldGen       total 112128K, used 105915K [0x00000000c0000000, 0x00000000c6d80000, 0x00000000eab00000)
  object space 112128K, 94% used [0x00000000c0000000,0x00000000c676eea0,0x00000000c6d80000)
 Metaspace       used 72149K, capacity 74846K, committed 75096K, reserved 1116160K
  class space    used 6949K, capacity 7992K, committed 8064K, reserved 1048576K
}
Event: 11582.518 GC heap after
{Heap after GC invocations=1801 (full 34):
 PSYoungGen      total 5632K, used 2655K [0x00000000eab00000, 0x00000000eb380000, 0x0000000100000000)
  eden space 2560K, 0% used [0x00000000eab00000,0x00000000eab00000,0x00000000ead80000)
  from space 3072K, 86% used [0x00000000eb080000,0x00000000eb317e40,0x00000000eb380000)
  to   space 3072K, 0% used [0x00000000ead80000,0x00000000ead80000,0x00000000eb080000)
 ParOldGen       total 112128K, used 106972K [0x00000000c0000000, 0x00000000c6d80000, 0x00000000eab00000)
  object space 112128K, 95% used [0x00000000c0000000,0x00000000c6877260,0x00000000c6d80000)
 Metaspace       used 72149K, capacity 74846K, committed 75096K, reserved 1116160K
  class space    used 6949K, capacity 7992K, committed 8064K, reserved 1048576K
}
Event: 11582.638 GC heap before
{Heap before GC invocations=1802 (full 34):
 PSYoungGen      total 5632K, used 5215K [0x00000000eab00000, 0x00000000eb380000, 0x0000000100000000)
  eden space 2560K, 100% used [0x00000000eab00000,0x00000000ead80000,0x00000000ead80000)
  from space 3072K, 86% used [0x00000000eb080000,0x00000000eb317e40,0x00000000eb380000)
  to   space 3072K, 0% used [0x00000000ead80000,0x00000000ead80000,0x00000000eb080000)
 ParOldGen       total 112128K, used 106972K [0x00000000c0000000, 0x00000000c6d80000, 0x00000000eab00000)
  object space 112128K, 95% used [0x00000000c0000000,0x00000000c6877260,0x00000000c6d80000)
 Metaspace       used 72150K, capacity 74846K, committed 75096K, reserved 1116160K
  class space    used 6949K, capacity 7992K, committed 8064K, reserved 1048576K
}
Event: 11582.644 GC heap after
{Heap after GC invocations=1802 (full 34):
 PSYoungGen      total 4608K, used 1908K [0x00000000eab00000, 0x00000000eb280000, 0x0000000100000000)
  eden space 2560K, 0% used [0x00000000eab00000,0x00000000eab00000,0x00000000ead80000)
  from space 2048K, 93% used [0x00000000ead80000,0x00000000eaf5d3d8,0x00000000eaf80000)
  to   space 2560K, 0% used [0x00000000eb000000,0x00000000eb000000,0x00000000eb280000)
 ParOldGen       total 112128K, used 109206K [0x00000000c0000000, 0x00000000c6d80000, 0x00000000eab00000)
  object space 112128K, 97% used [0x00000000c0000000,0x00000000c6aa58c8,0x00000000c6d80000)
 Metaspace       used 72150K, capacity 74846K, committed 75096K, reserved 1116160K
  class space    used 6949K, capacity 7992K, committed 8064K, reserved 1048576K
}
Event: 11582.716 GC heap before
{Heap before GC invocations=1803 (full 34):
 PSYoungGen      total 4608K, used 4468K [0x00000000eab00000, 0x00000000eb280000, 0x0000000100000000)
  eden space 2560K, 100% used [0x00000000eab00000,0x00000000ead80000,0x00000000ead80000)
  from space 2048K, 93% used [0x00000000ead80000,0x00000000eaf5d3d8,0x00000000eaf80000)
  to   space 2560K, 0% used [0x00000000eb000000,0x00000000eb000000,0x00000000eb280000)
 ParOldGen       total 112128K, used 109206K [0x00000000c0000000, 0x00000000c6d80000, 0x00000000eab00000)
  object space 112128K, 97% used [0x00000000c0000000,0x00000000c6aa58c8,0x00000000c6d80000)
 Metaspace       used 72154K, capacity 74846K, committed 75096K, reserved 1116160K
  class space    used 6949K, capacity 7992K, committed 8064K, reserved 1048576K
}
Event: 11582.741 GC heap after
{Heap after GC invocations=1803 (full 34):
 PSYoungGen      total 4608K, used 1832K [0x00000000eab00000, 0x00000000eb200000, 0x0000000100000000)
  eden space 2560K, 0% used [0x00000000eab00000,0x00000000eab00000,0x00000000ead80000)
  from space 2048K, 89% used [0x00000000eb000000,0x00000000eb1ca140,0x00000000eb200000)
  to   space 2048K, 0% used [0x00000000ead80000,0x00000000ead80000,0x00000000eaf80000)
 ParOldGen       total 112128K, used 111060K [0x00000000c0000000, 0x00000000c6d80000, 0x00000000eab00000)
  object space 112128K, 99% used [0x00000000c0000000,0x00000000c6c75068,0x00000000c6d80000)
 Metaspace       used 72154K, capacity 74846K, committed 75096K, reserved 1116160K
  class space    used 6949K, capacity 7992K, committed 8064K, reserved 1048576K
}
Event: 11582.741 GC heap before
{Heap before GC invocations=1804 (full 35):
 PSYoungGen      total 4608K, used 1832K [0x00000000eab00000, 0x00000000eb200000, 0x0000000100000000)
  eden space 2560K, 0% used [0x00000000eab00000,0x00000000eab00000,0x00000000ead80000)
  from space 2048K, 89% used [0x00000000eb000000,0x00000000eb1ca140,0x00000000eb200000)
  to   space 2048K, 0% used [0x00000000ead80000,0x00000000ead80000,0x00000000eaf80000)
 ParOldGen       total 112128K, used 111060K [0x00000000c0000000, 0x00000000c6d80000, 0x00000000eab00000)
  object space 112128K, 99% used [0x00000000c0000000,0x00000000c6c75068,0x00000000c6d80000)
 Metaspace       used 72154K, capacity 74846K, committed 75096K, reserved 1116160K
  class space    used 6949K, capacity 7992K, committed 8064K, reserved 1048576K
}

